-------------------------------------------------------------------------------
Test set: com.parkit.parkingsystem.FareCalculatorServiceTest
-------------------------------------------------------------------------------
Tests run: 10, Failures: 0, Errors: 1, Skipped: 0, Time elapsed: 0.083 s <<< FAILURE! - in com.parkit.parkingsystem.FareCalculatorServiceTest
calculateFareForErrorType  Time elapsed: 0.007 s  <<< ERROR!
java.lang.IllegalArgumentException: Unkown Parking Type
	at com.parkit.parkingsystem.FareCalculatorServiceTest.calculateFareForErrorType(FareCalculatorServiceTest.java:171)

